21:44:34 **** Incremental Build of configuration Debug for project stdList_Implementation ****
make all 
Building file: ../main.cpp
Invoking: GCC C++ Compiler
g++ -O0 -g3 -Wall -c -fmessage-length=0 -MMD -MP -MF"main.d" -MT"main.o" -o "main.o" "../main.cpp"
Finished building: ../main.cpp
 
Building target: stdList_Implementation
Invoking: GCC C++ Linker
g++  -o "stdList_Implementation"  ./main.o   
Finished building target: stdList_Implementation
 
21:44:35 **** Incremental Build of configuration Debug for project stdList_Implementation ****
make all 
make: Nothing to be done for `all'.
21:47:30 **** Incremental Build of configuration Debug for project stdList_Implementation ****
make all 
Building file: ../main.cpp
Invoking: GCC C++ Compiler
g++ -O0 -g3 -Wall -c -fmessage-length=0 -MMD -MP -MF"main.d" -MT"main.o" -o "main.o" "../main.cpp"
Finished building: ../main.cpp
 
Building target: stdList_Implementation
Invoking: GCC C++ Linker
g++  -o "stdList_Implementation"  ./main.o   
Finished building target: stdList_Implementation
 
21:47:59 **** Incremental Build of configuration Debug for project stdList_Implementation ****
make all 
Building file: ../main.cpp
Invoking: GCC C++ Compiler
g++ -O0 -g3 -Wall -c -fmessage-length=0 -MMD -MP -MF"main.d" -MT"main.o" -o "main.o" "../main.cpp"
Finished building: ../main.cpp
 
Building target: stdList_Implementation
Invoking: GCC C++ Linker
g++  -o "stdList_Implementation"  ./main.o   
Finished building target: stdList_Implementation
 
21:52:44 **** Incremental Build of configuration Debug for project stdList_Implementation ****
make all 
Building file: ../main.cpp
Invoking: GCC C++ Compiler
g++ -O0 -g3 -Wall -c -fmessage-length=0 -MMD -MP -MF"main.d" -MT"main.o" -o "main.o" "../main.cpp"
Finished building: ../main.cpp
 
Building target: stdList_Implementation
Invoking: GCC C++ Linker
g++  -o "stdList_Implementation"  ./main.o   
Finished building target: stdList_Implementation
 
21:52:59 **** Incremental Build of configuration Debug for project stdList_Implementation ****
make all 
Building file: ../main.cpp
Invoking: GCC C++ Compiler
g++ -O0 -g3 -Wall -c -fmessage-length=0 -MMD -MP -MF"main.d" -MT"main.o" -o "main.o" "../main.cpp"
Finished building: ../main.cpp
 
Building target: stdList_Implementation
Invoking: GCC C++ Linker
g++  -o "stdList_Implementation"  ./main.o   
Finished building target: stdList_Implementation
 
21:53:17 **** Incremental Build of configuration Debug for project stdList_Implementation ****
make all 
Building file: ../main.cpp
Invoking: GCC C++ Compiler
g++ -O0 -g3 -Wall -c -fmessage-length=0 -MMD -MP -MF"main.d" -MT"main.o" -o "main.o" "../main.cpp"
Finished building: ../main.cpp
 
Building target: stdList_Implementation
Invoking: GCC C++ Linker
g++  -o "stdList_Implementation"  ./main.o   
Finished building target: stdList_Implementation
 
21:55:34 **** Incremental Build of configuration Debug for project stdList_Implementation ****
make all 
Building file: ../main.cpp
Invoking: GCC C++ Compiler
g++ -O0 -g3 -Wall -c -fmessage-length=0 -MMD -MP -MF"main.d" -MT"main.o" -o "main.o" "../main.cpp"
Finished building: ../main.cpp
 
Building target: stdList_Implementation
Invoking: GCC C++ Linker
g++  -o "stdList_Implementation"  ./main.o   
Finished building target: stdList_Implementation
 
21:56:13 **** Incremental Build of configuration Debug for project stdList_Implementation ****
make all 
Building file: ../main.cpp
Invoking: GCC C++ Compiler
g++ -O0 -g3 -Wall -c -fmessage-length=0 -MMD -MP -MF"main.d" -MT"main.o" -o "main.o" "../main.cpp"
Finished building: ../main.cpp
 
Building target: stdList_Implementation
Invoking: GCC C++ Linker
g++  -o "stdList_Implementation"  ./main.o   
Finished building target: stdList_Implementation
 
21:56:53 **** Incremental Build of configuration Debug for project stdList_Implementation ****
make all 
Building file: ../main.cpp
Invoking: GCC C++ Compiler
g++ -O0 -g3 -Wall -c -fmessage-length=0 -MMD -MP -MF"main.d" -MT"main.o" -o "main.o" "../main.cpp"
Finished building: ../main.cpp
 
Building target: stdList_Implementation
Invoking: GCC C++ Linker
g++  -o "stdList_Implementation"  ./main.o   
Finished building target: stdList_Implementation
 
